<?xml version="1.0" encoding="UTF-8"?>
<!-- Generated by org.testng.reporters.JUnitXMLReporter -->
<testsuite ignored="0" hostname="Selva" failures="0" tests="7" name="Default test" time="11.094" errors="0" timestamp="2024-02-21T11:52:06 IST">
  <testcase classname="com.qa.sportyShoes.Tests.ProductsTest" name="test_user_login" time="1.422"/>
  <testcase classname="com.qa.sportyShoes.Tests.ProductsTest" name="test_product_addtoCart" time="1.053"/>
  <testcase classname="com.qa.sportyShoes.Tests.ProductsTest" name="test_HomeBTN" time="1.216"/>
  <testcase classname="com.qa.sportyShoes.Tests.ProductsTest" name="test_CartBTN" time="1.099"/>
  <testcase classname="com.qa.sportyShoes.Tests.ProductsTest" name="test_placeorderBTN" time="1.057"/>
  <testcase classname="com.qa.sportyShoes.Tests.ProductsTest" name="test_orders" time="1.333"/>
  <testcase classname="com.qa.sportyShoes.Tests.ProductsTest" name="test_logout" time="1.134"/>
</testsuite> <!-- Default test -->
