<?xml version="1.0" encoding="UTF-8"?>
<testng-results ignored="0" total="14" passed="14" failed="0" skipped="0">
  <reporter-output>
  </reporter-output>
  <suite started-at="2024-02-22T12:16:33 IST" name="TestNGRunner" finished-at="2024-02-22T12:16:57 IST" duration-ms="23548">
    <groups>
    </groups>
    <test started-at="2024-02-22T12:16:33 IST" name="TestCycle-1" finished-at="2024-02-22T12:16:39 IST" duration-ms="5193">
      <class name="com.qa.sportyShoes.Tests.HomepageTest">
        <test-method signature="start_browser()[pri:49, instance:com.qa.sportyShoes.Tests.HomepageTest@1fa121e2]" started-at="2024-02-22T12:16:33 IST" name="start_browser" finished-at="2024-02-22T12:16:37 IST" duration-ms="3902" status="PASS">
          <reporter-output>
          </reporter-output>
        </test-method> <!-- start_browser -->
        <test-method signature="test_getURL_method()[pri:50, instance:com.qa.sportyShoes.Tests.HomepageTest@1fa121e2]" started-at="2024-02-22T12:16:37 IST" name="test_getURL_method" finished-at="2024-02-22T12:16:37 IST" duration-ms="16" status="PASS">
          <reporter-output>
          </reporter-output>
        </test-method> <!-- test_getURL_method -->
        <test-method signature="test_registerlink_method()[pri:51, instance:com.qa.sportyShoes.Tests.HomepageTest@1fa121e2]" started-at="2024-02-22T12:16:37 IST" name="test_registerlink_method" finished-at="2024-02-22T12:16:37 IST" duration-ms="139" status="PASS">
          <reporter-output>
          </reporter-output>
        </test-method> <!-- test_registerlink_method -->
        <test-method is-config="true" signature="closebroser()[pri:0, instance:com.qa.sportyShoes.Tests.HomepageTest@1fa121e2]" started-at="2024-02-22T12:16:37 IST" name="closebroser" finished-at="2024-02-22T12:16:39 IST" duration-ms="1083" status="PASS">
          <reporter-output>
          </reporter-output>
        </test-method> <!-- closebroser -->
      </class> <!-- com.qa.sportyShoes.Tests.HomepageTest -->
    </test> <!-- TestCycle-1 -->
    <test started-at="2024-02-22T12:16:39 IST" name="TestCycle-2" finished-at="2024-02-22T12:16:43 IST" duration-ms="4806">
      <class name="com.qa.sportyShoes.Tests.RegisterPageTest">
        <test-method is-config="true" signature="OpenBrowser()[pri:0, instance:com.qa.sportyShoes.Tests.RegisterPageTest@2e377400]" started-at="2024-02-22T12:16:39 IST" name="OpenBrowser" finished-at="2024-02-22T12:16:40 IST" duration-ms="1566" status="PASS">
          <reporter-output>
          </reporter-output>
        </test-method> <!-- OpenBrowser -->
        <test-method signature="test_click_registerLink()[pri:49, instance:com.qa.sportyShoes.Tests.RegisterPageTest@2e377400]" started-at="2024-02-22T12:16:40 IST" name="test_click_registerLink" finished-at="2024-02-22T12:16:42 IST" duration-ms="1618" status="PASS">
          <reporter-output>
          </reporter-output>
        </test-method> <!-- test_click_registerLink -->
        <test-method signature="test_register_user()[pri:50, instance:com.qa.sportyShoes.Tests.RegisterPageTest@2e377400]" started-at="2024-02-22T12:16:42 IST" name="test_register_user" finished-at="2024-02-22T12:16:42 IST" duration-ms="493" status="PASS">
          <reporter-output>
          </reporter-output>
        </test-method> <!-- test_register_user -->
        <test-method signature="test_newUser_url()[pri:51, instance:com.qa.sportyShoes.Tests.RegisterPageTest@2e377400]" started-at="2024-02-22T12:16:42 IST" name="test_newUser_url" finished-at="2024-02-22T12:16:42 IST" duration-ms="23" status="PASS">
          <reporter-output>
          </reporter-output>
        </test-method> <!-- test_newUser_url -->
        <test-method is-config="true" signature="closebroser()[pri:0, instance:com.qa.sportyShoes.Tests.RegisterPageTest@2e377400]" started-at="2024-02-22T12:16:42 IST" name="closebroser" finished-at="2024-02-22T12:16:43 IST" duration-ms="1100" status="PASS">
          <reporter-output>
          </reporter-output>
        </test-method> <!-- closebroser -->
      </class> <!-- com.qa.sportyShoes.Tests.RegisterPageTest -->
    </test> <!-- TestCycle-2 -->
    <test started-at="2024-02-22T12:16:43 IST" name="TestCycle-3" finished-at="2024-02-22T12:16:46 IST" duration-ms="2675">
      <class name="com.qa.sportyShoes.Tests.LoginPageTest">
        <test-method signature="start_browser()[pri:49, instance:com.qa.sportyShoes.Tests.LoginPageTest@687e99d8]" started-at="2024-02-22T12:16:43 IST" name="start_browser" finished-at="2024-02-22T12:16:45 IST" duration-ms="1562" status="PASS">
          <reporter-output>
          </reporter-output>
        </test-method> <!-- start_browser -->
        <test-method is-config="true" signature="closebroser()[pri:0, instance:com.qa.sportyShoes.Tests.LoginPageTest@687e99d8]" started-at="2024-02-22T12:16:45 IST" name="closebroser" finished-at="2024-02-22T12:16:46 IST" duration-ms="1109" status="PASS">
          <reporter-output>
          </reporter-output>
        </test-method> <!-- closebroser -->
      </class> <!-- com.qa.sportyShoes.Tests.LoginPageTest -->
    </test> <!-- TestCycle-3 -->
    <test started-at="2024-02-22T12:16:46 IST" name="TestCycle-4" finished-at="2024-02-22T12:16:57 IST" duration-ms="10828">
      <class name="com.qa.sportyShoes.Tests.ProductsTest">
        <test-method is-config="true" signature="start_browser()[pri:0, instance:com.qa.sportyShoes.Tests.ProductsTest@1dac5ef]" started-at="2024-02-22T12:16:46 IST" name="start_browser" finished-at="2024-02-22T12:16:48 IST" duration-ms="1471" status="PASS">
          <reporter-output>
          </reporter-output>
        </test-method> <!-- start_browser -->
        <test-method signature="test_user_login()[pri:49, instance:com.qa.sportyShoes.Tests.ProductsTest@1dac5ef]" started-at="2024-02-22T12:16:48 IST" name="test_user_login" finished-at="2024-02-22T12:16:49 IST" duration-ms="1454" status="PASS">
          <reporter-output>
          </reporter-output>
        </test-method> <!-- test_user_login -->
        <test-method signature="test_product_addtoCart()[pri:50, instance:com.qa.sportyShoes.Tests.ProductsTest@1dac5ef]" started-at="2024-02-22T12:16:49 IST" name="test_product_addtoCart" finished-at="2024-02-22T12:16:50 IST" duration-ms="1055" status="PASS">
          <reporter-output>
          </reporter-output>
        </test-method> <!-- test_product_addtoCart -->
        <test-method signature="test_HomeBTN()[pri:51, instance:com.qa.sportyShoes.Tests.ProductsTest@1dac5ef]" started-at="2024-02-22T12:16:50 IST" name="test_HomeBTN" finished-at="2024-02-22T12:16:51 IST" duration-ms="1228" status="PASS">
          <reporter-output>
          </reporter-output>
        </test-method> <!-- test_HomeBTN -->
        <test-method signature="test_CartBTN()[pri:52, instance:com.qa.sportyShoes.Tests.ProductsTest@1dac5ef]" started-at="2024-02-22T12:16:51 IST" name="test_CartBTN" finished-at="2024-02-22T12:16:52 IST" duration-ms="1085" status="PASS">
          <reporter-output>
          </reporter-output>
        </test-method> <!-- test_CartBTN -->
        <test-method signature="test_placeorderBTN()[pri:53, instance:com.qa.sportyShoes.Tests.ProductsTest@1dac5ef]" started-at="2024-02-22T12:16:52 IST" name="test_placeorderBTN" finished-at="2024-02-22T12:16:53 IST" duration-ms="1084" status="PASS">
          <reporter-output>
          </reporter-output>
        </test-method> <!-- test_placeorderBTN -->
        <test-method signature="test_orders()[pri:54, instance:com.qa.sportyShoes.Tests.ProductsTest@1dac5ef]" started-at="2024-02-22T12:16:53 IST" name="test_orders" finished-at="2024-02-22T12:16:55 IST" duration-ms="1262" status="PASS">
          <reporter-output>
          </reporter-output>
        </test-method> <!-- test_orders -->
        <test-method signature="test_logout()[pri:55, instance:com.qa.sportyShoes.Tests.ProductsTest@1dac5ef]" started-at="2024-02-22T12:16:55 IST" name="test_logout" finished-at="2024-02-22T12:16:56 IST" duration-ms="1095" status="PASS">
          <reporter-output>
          </reporter-output>
        </test-method> <!-- test_logout -->
        <test-method is-config="true" signature="closebroser()[pri:0, instance:com.qa.sportyShoes.Tests.ProductsTest@1dac5ef]" started-at="2024-02-22T12:16:56 IST" name="closebroser" finished-at="2024-02-22T12:16:57 IST" duration-ms="1083" status="PASS">
          <reporter-output>
          </reporter-output>
        </test-method> <!-- closebroser -->
      </class> <!-- com.qa.sportyShoes.Tests.ProductsTest -->
    </test> <!-- TestCycle-4 -->
  </suite> <!-- TestNGRunner -->
</testng-results>
