<?xml version="1.0" encoding="UTF-8"?>
<!-- Generated by org.testng.reporters.JUnitXMLReporter -->
<testsuite ignored="0" hostname="Selva" failures="0" tests="3" name="TestCycle-2" time="4.806" errors="0" timestamp="2024-02-22T12:16:43 IST">
  <testcase classname="com.qa.sportyShoes.Tests.RegisterPageTest" name="test_click_registerLink" time="1.618"/>
  <testcase classname="com.qa.sportyShoes.Tests.RegisterPageTest" name="test_register_user" time="0.493"/>
  <testcase classname="com.qa.sportyShoes.Tests.RegisterPageTest" name="test_newUser_url" time="0.023"/>
</testsuite> <!-- TestCycle-2 -->
