<?xml version="1.0" encoding="UTF-8"?>
<!-- Generated by org.testng.reporters.JUnitXMLReporter -->
<testsuite ignored="0" hostname="Selva" failures="0" tests="3" name="TestCycle-1" time="5.193" errors="0" timestamp="2024-02-22T12:16:39 IST">
  <testcase classname="com.qa.sportyShoes.Tests.HomepageTest" name="start_browser" time="3.902"/>
  <testcase classname="com.qa.sportyShoes.Tests.HomepageTest" name="test_getURL_method" time="0.016"/>
  <testcase classname="com.qa.sportyShoes.Tests.HomepageTest" name="test_registerlink_method" time="0.139"/>
</testsuite> <!-- TestCycle-1 -->
