<?xml version="1.0" encoding="UTF-8"?>
<!-- Generated by org.testng.reporters.JUnitXMLReporter -->
<testsuite ignored="0" hostname="Selva" failures="0" tests="7" name="TestCycle-4" time="10.828" errors="0" timestamp="2024-02-22T12:16:57 IST">
  <testcase classname="com.qa.sportyShoes.Tests.ProductsTest" name="test_user_login" time="1.454"/>
  <testcase classname="com.qa.sportyShoes.Tests.ProductsTest" name="test_product_addtoCart" time="1.055"/>
  <testcase classname="com.qa.sportyShoes.Tests.ProductsTest" name="test_HomeBTN" time="1.228"/>
  <testcase classname="com.qa.sportyShoes.Tests.ProductsTest" name="test_CartBTN" time="1.085"/>
  <testcase classname="com.qa.sportyShoes.Tests.ProductsTest" name="test_placeorderBTN" time="1.084"/>
  <testcase classname="com.qa.sportyShoes.Tests.ProductsTest" name="test_orders" time="1.262"/>
  <testcase classname="com.qa.sportyShoes.Tests.ProductsTest" name="test_logout" time="1.095"/>
</testsuite> <!-- TestCycle-4 -->
